
 -----------------------------------------------
      Restrained ESP Fit 2.3  Amber 4.1
 -----------------------------------------------
 Resp charges for organic molecule                                               
 -----------------------------------------------


 inopt       =     0   ioutopt     =     1
 nmol        =     1   iqopt       =     0
 ihfree      =     1   irstrnt     =     1
 iunits      =     0   qwt         =   0.00050000
 wtmol(1) =     1.000000
 subtitle:

Resp charges for organic molecule                                               
ich =   0  iuniq =   3
    1    8    0
    2    1    0
    3    1    2

  ----------------------------------------------------------------------------
     ATOM                       COORDINATES                         CHARGE
                       X             Y                Z
  ----------------------------------------------------------------------------
  ----------------------------------------------------------------------------


 Charge on the molecule(ich) =    0
 Total number of atoms (iuniq)     =    3
 Weight factor on initial charge restraints(qwt)=     0.50000D-03


  there are  1 charge constraints:


     1       1
     2       1
     3       1

 Reading esp"s for molecule   1
 total number of atoms      =     3
 total number of esp points =  9733


 center     X       Y       Z 
    1   0.2500000E+01   0.2500000E+01   0.2800701E+01
    2   0.2500000E+01   0.3257873E+01   0.2199299E+01
    3   0.2500000E+01   0.1742127E+01   0.2199299E+01
 Initial ssvpot =     0.131


 Number of unique UNfrozen centers=    2

 Non-linear optimization requested.
 qchnge =    0.3700012088E-01
 qchnge =    0.2160250236E-04
 qchnge =    0.6572194968E-08

 Convergence in    2 iterations


Resp charges for organic molecule                                               

          Point Charges Before & After Optimization

    no.  At.no.    q(init)       q(opt)     ivary    d(rstr)/dq
    1   8       0.000000      -0.090578      0       0.003706
    2   1       0.000000       0.045289      0       0.000000
    3   1       0.000000       0.045289      2       0.000000

 Sum over the calculated charges:      0.000

        Statistics of the fitting:
  The initial sum of squares (ssvpot)                      0.131
  The residual sum of squares (chipot)                     0.086
  The std err of estimate (sqrt(chipot/N))               0.00297
  ESP relative RMS (SQRT(chipot/ssvpot))                 0.81024

 Center of Mass (Angst.):

 X  =   0.00000      Y  =   0.00000      Z  =   0.00000

 Dipole (Debye):

 X  =   0.00000      Y  =   0.00000      Z  =  -0.13846

 Dipole Moment (Debye)=   0.13846

 Quadrupole (Debye*Angst.):

 Qxx =   0.29637     QYY =   0.50630     QZZ =  -0.80268
 Qxy =   0.29637     QXZ =  -0.25315     QYZ =  -0.25315
